Analysis & Synthesis report for lab6_toplevel
Tue Oct 16 23:17:23 2018
Quartus Prime Version 18.0.0 Build 614 04/24/2018 SJ Lite Edition


---------------------
; Table of Contents ;
---------------------
  1. Legal Notice
  2. Analysis & Synthesis Summary
  3. Analysis & Synthesis Settings
  4. Parallel Compilation
  5. Analysis & Synthesis Source Files Read
  6. Analysis & Synthesis Resource Usage Summary
  7. Analysis & Synthesis Resource Utilization by Entity
  8. State Machine - |lab6_toplevel|slc3:my_slc|ISDU:state_controller|State
  9. Registers Removed During Synthesis
 10. Removed Registers Triggering Further Register Optimizations
 11. General Register Statistics
 12. Multiplexer Restructuring Statistics (Restructuring Performed)
 13. Parameter Settings for User Entity Instance: slc3:my_slc|tristate:tr0
 14. Parameter Settings for User Entity Instance: test_memory:my_test_memory
 15. Parameter Settings for User Entity Instance: test_memory:my_test_memory|memory_parser:parser
 16. Port Connectivity Checks: "slc3:my_slc|Mem2IO:memory_subsystem"
 17. Port Connectivity Checks: "slc3:my_slc|datapath:d0|PC_MUX:PCMUX_"
 18. Port Connectivity Checks: "slc3:my_slc|datapath:d0|ALU:ADD_ALU"
 19. Port Connectivity Checks: "slc3:my_slc|HexDriver:hex_driver4"
 20. Port Connectivity Checks: "slc3:my_slc|HexDriver:hex_driver5"
 21. Port Connectivity Checks: "slc3:my_slc|HexDriver:hex_driver6"
 22. Port Connectivity Checks: "slc3:my_slc|HexDriver:hex_driver7"
 23. Post-Synthesis Netlist Statistics for Top Partition
 24. Elapsed Time Per Partition
 25. Analysis & Synthesis Messages
 26. Analysis & Synthesis Suppressed Messages



----------------
; Legal Notice ;
----------------
Copyright (C) 2018  Intel Corporation. All rights reserved.
Your use of Intel Corporation's design tools, logic functions 
and other software and tools, and its AMPP partner logic 
functions, and any output files from any of the foregoing 
(including device programming or simulation files), and any 
associated documentation or information are expressly subject 
to the terms and conditions of the Intel Program License 
Subscription Agreement, the Intel Quartus Prime License Agreement,
the Intel FPGA IP License Agreement, or other applicable license
agreement, including, without limitation, that your use is for
the sole purpose of programming logic devices manufactured by
Intel and sold by Intel or its authorized distributors.  Please
refer to the applicable agreement for further details.



+----------------------------------------------------------------------------------+
; Analysis & Synthesis Summary                                                     ;
+------------------------------------+---------------------------------------------+
; Analysis & Synthesis Status        ; Successful - Tue Oct 16 23:17:23 2018       ;
; Quartus Prime Version              ; 18.0.0 Build 614 04/24/2018 SJ Lite Edition ;
; Revision Name                      ; lab6_toplevel                               ;
; Top-level Entity Name              ; lab6_toplevel                               ;
; Family                             ; Cyclone IV E                                ;
; Total logic elements               ; 729                                         ;
;     Total combinational functions  ; 553                                         ;
;     Dedicated logic registers      ; 264                                         ;
; Total registers                    ; 264                                         ;
; Total pins                         ; 129                                         ;
; Total virtual pins                 ; 0                                           ;
; Total memory bits                  ; 0                                           ;
; Embedded Multiplier 9-bit elements ; 0                                           ;
; Total PLLs                         ; 0                                           ;
+------------------------------------+---------------------------------------------+


+------------------------------------------------------------------------------------------------------------+
; Analysis & Synthesis Settings                                                                              ;
+------------------------------------------------------------------+--------------------+--------------------+
; Option                                                           ; Setting            ; Default Value      ;
+------------------------------------------------------------------+--------------------+--------------------+
; Device                                                           ; EP4CE115F29C7      ;                    ;
; Top-level entity name                                            ; lab6_toplevel      ; lab6_toplevel      ;
; Family name                                                      ; Cyclone IV E       ; Cyclone V          ;
; Use smart compilation                                            ; Off                ; Off                ;
; Enable parallel Assembler and Timing Analyzer during compilation ; On                 ; On                 ;
; Enable compact report table                                      ; Off                ; Off                ;
; Restructure Multiplexers                                         ; Auto               ; Auto               ;
; Create Debugging Nodes for IP Cores                              ; Off                ; Off                ;
; Preserve fewer node names                                        ; On                 ; On                 ;
; Intel FPGA IP Evaluation Mode                                    ; Enable             ; Enable             ;
; Verilog Version                                                  ; Verilog_2001       ; Verilog_2001       ;
; VHDL Version                                                     ; VHDL_1993          ; VHDL_1993          ;
; State Machine Processing                                         ; Auto               ; Auto               ;
; Safe State Machine                                               ; Off                ; Off                ;
; Extract Verilog State Machines                                   ; On                 ; On                 ;
; Extract VHDL State Machines                                      ; On                 ; On                 ;
; Ignore Verilog initial constructs                                ; Off                ; Off                ;
; Iteration limit for constant Verilog loops                       ; 5000               ; 5000               ;
; Iteration limit for non-constant Verilog loops                   ; 250                ; 250                ;
; Add Pass-Through Logic to Inferred RAMs                          ; On                 ; On                 ;
; Infer RAMs from Raw Logic                                        ; On                 ; On                 ;
; Parallel Synthesis                                               ; On                 ; On                 ;
; DSP Block Balancing                                              ; Auto               ; Auto               ;
; NOT Gate Push-Back                                               ; On                 ; On                 ;
; Power-Up Don't Care                                              ; On                 ; On                 ;
; Remove Redundant Logic Cells                                     ; Off                ; Off                ;
; Remove Duplicate Registers                                       ; On                 ; On                 ;
; Ignore CARRY Buffers                                             ; Off                ; Off                ;
; Ignore CASCADE Buffers                                           ; Off                ; Off                ;
; Ignore GLOBAL Buffers                                            ; Off                ; Off                ;
; Ignore ROW GLOBAL Buffers                                        ; Off                ; Off                ;
; Ignore LCELL Buffers                                             ; Off                ; Off                ;
; Ignore SOFT Buffers                                              ; On                 ; On                 ;
; Limit AHDL Integers to 32 Bits                                   ; Off                ; Off                ;
; Optimization Technique                                           ; Balanced           ; Balanced           ;
; Carry Chain Length                                               ; 70                 ; 70                 ;
; Auto Carry Chains                                                ; On                 ; On                 ;
; Auto Open-Drain Pins                                             ; On                 ; On                 ;
; Perform WYSIWYG Primitive Resynthesis                            ; Off                ; Off                ;
; Auto ROM Replacement                                             ; On                 ; On                 ;
; Auto RAM Replacement                                             ; On                 ; On                 ;
; Auto DSP Block Replacement                                       ; On                 ; On                 ;
; Auto Shift Register Replacement                                  ; Auto               ; Auto               ;
; Allow Shift Register Merging across Hierarchies                  ; Auto               ; Auto               ;
; Auto Clock Enable Replacement                                    ; On                 ; On                 ;
; Strict RAM Replacement                                           ; Off                ; Off                ;
; Allow Synchronous Control Signals                                ; On                 ; On                 ;
; Force Use of Synchronous Clear Signals                           ; Off                ; Off                ;
; Auto RAM Block Balancing                                         ; On                 ; On                 ;
; Auto RAM to Logic Cell Conversion                                ; Off                ; Off                ;
; Auto Resource Sharing                                            ; Off                ; Off                ;
; Allow Any RAM Size For Recognition                               ; Off                ; Off                ;
; Allow Any ROM Size For Recognition                               ; Off                ; Off                ;
; Allow Any Shift Register Size For Recognition                    ; Off                ; Off                ;
; Use LogicLock Constraints during Resource Balancing              ; On                 ; On                 ;
; Ignore translate_off and synthesis_off directives                ; Off                ; Off                ;
; Timing-Driven Synthesis                                          ; On                 ; On                 ;
; Report Parameter Settings                                        ; On                 ; On                 ;
; Report Source Assignments                                        ; On                 ; On                 ;
; Report Connectivity Checks                                       ; On                 ; On                 ;
; Ignore Maximum Fan-Out Assignments                               ; Off                ; Off                ;
; Synchronization Register Chain Length                            ; 2                  ; 2                  ;
; Power Optimization During Synthesis                              ; Normal compilation ; Normal compilation ;
; HDL message level                                                ; Level2             ; Level2             ;
; Suppress Register Optimization Related Messages                  ; Off                ; Off                ;
; Number of Removed Registers Reported in Synthesis Report         ; 5000               ; 5000               ;
; Number of Swept Nodes Reported in Synthesis Report               ; 5000               ; 5000               ;
; Number of Inverted Registers Reported in Synthesis Report        ; 100                ; 100                ;
; Clock MUX Protection                                             ; On                 ; On                 ;
; Auto Gated Clock Conversion                                      ; Off                ; Off                ;
; Block Design Naming                                              ; Auto               ; Auto               ;
; SDC constraint protection                                        ; Off                ; Off                ;
; Synthesis Effort                                                 ; Auto               ; Auto               ;
; Shift Register Replacement - Allow Asynchronous Clear Signal     ; On                 ; On                 ;
; Pre-Mapping Resynthesis Optimization                             ; Off                ; Off                ;
; Analysis & Synthesis Message Level                               ; Medium             ; Medium             ;
; Disable Register Merging Across Hierarchies                      ; Auto               ; Auto               ;
; Resource Aware Inference For Block RAM                           ; On                 ; On                 ;
+------------------------------------------------------------------+--------------------+--------------------+


+------------------------------------------+
; Parallel Compilation                     ;
+----------------------------+-------------+
; Processors                 ; Number      ;
+----------------------------+-------------+
; Number detected on machine ; 4           ;
; Maximum allowed            ; 2           ;
;                            ;             ;
; Average used               ; 1.00        ;
; Maximum used               ; 2           ;
;                            ;             ;
; Usage by Processor         ; % Time Used ;
;     Processor 1            ; 100.0%      ;
;     Processor 2            ;   0.0%      ;
+----------------------------+-------------+


+----------------------------------------------------------------------------------------------------------------------------------+
; Analysis & Synthesis Source Files Read                                                                                           ;
+----------------------------------+-----------------+------------------------------+------------------------------------+---------+
; File Name with User-Entered Path ; Used in Netlist ; File Type                    ; File Name with Absolute Path       ; Library ;
+----------------------------------+-----------------+------------------------------+------------------------------------+---------+
; tristate.sv                      ; yes             ; User SystemVerilog HDL File  ; C:/ece385/lab6g/tristate.sv        ;         ;
; test_memory.sv                   ; yes             ; User SystemVerilog HDL File  ; C:/ece385/lab6g/test_memory.sv     ;         ;
; SLC3_2.sv                        ; yes             ; User SystemVerilog HDL File  ; C:/ece385/lab6g/SLC3_2.sv          ;         ;
; slc3.sv                          ; yes             ; User SystemVerilog HDL File  ; C:/ece385/lab6g/slc3.sv            ;         ;
; memory_contents.sv               ; yes             ; User SystemVerilog HDL File  ; C:/ece385/lab6g/memory_contents.sv ;         ;
; Mem2IO.sv                        ; yes             ; User SystemVerilog HDL File  ; C:/ece385/lab6g/Mem2IO.sv          ;         ;
; lab6_toplevel.sv                 ; yes             ; User SystemVerilog HDL File  ; C:/ece385/lab6g/lab6_toplevel.sv   ;         ;
; ISDU.sv                          ; yes             ; User SystemVerilog HDL File  ; C:/ece385/lab6g/ISDU.sv            ;         ;
; ALU.sv                           ; yes             ; User SystemVerilog HDL File  ; C:/ece385/lab6g/ALU.sv             ;         ;
; BEN_REG.sv                       ; yes             ; User SystemVerilog HDL File  ; C:/ece385/lab6g/BEN_REG.sv         ;         ;
; datapath.sv                      ; yes             ; User SystemVerilog HDL File  ; C:/ece385/lab6g/datapath.sv        ;         ;
; HexDriver.sv                     ; yes             ; User SystemVerilog HDL File  ; C:/ece385/lab6g/HexDriver.sv       ;         ;
; MUX.sv                           ; yes             ; User SystemVerilog HDL File  ; C:/ece385/lab6g/MUX.sv             ;         ;
; NZP.sv                           ; yes             ; User SystemVerilog HDL File  ; C:/ece385/lab6g/NZP.sv             ;         ;
; REGISTER.sv                      ; yes             ; User SystemVerilog HDL File  ; C:/ece385/lab6g/REGISTER.sv        ;         ;
; SEXT.sv                          ; yes             ; User SystemVerilog HDL File  ; C:/ece385/lab6g/SEXT.sv            ;         ;
+----------------------------------+-----------------+------------------------------+------------------------------------+---------+


+---------------------------------------------------------+
; Analysis & Synthesis Resource Usage Summary             ;
+---------------------------------------------+-----------+
; Resource                                    ; Usage     ;
+---------------------------------------------+-----------+
; Estimated Total logic elements              ; 729       ;
;                                             ;           ;
; Total combinational functions               ; 553       ;
; Logic element usage by number of LUT inputs ;           ;
;     -- 4 input functions                    ; 389       ;
;     -- 3 input functions                    ; 99        ;
;     -- <=2 input functions                  ; 65        ;
;                                             ;           ;
; Logic elements by mode                      ;           ;
;     -- normal mode                          ; 508       ;
;     -- arithmetic mode                      ; 45        ;
;                                             ;           ;
; Total registers                             ; 264       ;
;     -- Dedicated logic registers            ; 264       ;
;     -- I/O registers                        ; 0         ;
;                                             ;           ;
; I/O pins                                    ; 129       ;
;                                             ;           ;
; Embedded Multiplier 9-bit elements          ; 0         ;
;                                             ;           ;
; Maximum fan-out node                        ; Clk~input ;
; Maximum fan-out                             ; 264       ;
; Total fan-out                               ; 2990      ;
; Average fan-out                             ; 2.74      ;
+---------------------------------------------+-----------+


+-----------------------------------------------------------------------------------------------------------------------------------------------------------------------------------------------------------------------------------------------------+
; Analysis & Synthesis Resource Utilization by Entity                                                                                                                                                                                                 ;
+---------------------------------+---------------------+---------------------------+-------------+--------------+---------+-----------+------+--------------+---------------------------------------------------------+---------------+--------------+
; Compilation Hierarchy Node      ; Combinational ALUTs ; Dedicated Logic Registers ; Memory Bits ; DSP Elements ; DSP 9x9 ; DSP 18x18 ; Pins ; Virtual Pins ; Full Hierarchy Name                                     ; Entity Name   ; Library Name ;
+---------------------------------+---------------------+---------------------------+-------------+--------------+---------+-----------+------+--------------+---------------------------------------------------------+---------------+--------------+
; |lab6_toplevel                  ; 553 (0)             ; 264 (0)                   ; 0           ; 0            ; 0       ; 0         ; 129  ; 0            ; |lab6_toplevel                                          ; lab6_toplevel ; work         ;
;    |slc3:my_slc|                ; 553 (0)             ; 264 (0)                   ; 0           ; 0            ; 0       ; 0         ; 0    ; 0            ; |lab6_toplevel|slc3:my_slc                              ; slc3          ; work         ;
;       |HexDriver:hex_driver0|   ; 7 (7)               ; 0 (0)                     ; 0           ; 0            ; 0       ; 0         ; 0    ; 0            ; |lab6_toplevel|slc3:my_slc|HexDriver:hex_driver0        ; HexDriver     ; work         ;
;       |HexDriver:hex_driver1|   ; 7 (7)               ; 0 (0)                     ; 0           ; 0            ; 0       ; 0         ; 0    ; 0            ; |lab6_toplevel|slc3:my_slc|HexDriver:hex_driver1        ; HexDriver     ; work         ;
;       |HexDriver:hex_driver2|   ; 7 (7)               ; 0 (0)                     ; 0           ; 0            ; 0       ; 0         ; 0    ; 0            ; |lab6_toplevel|slc3:my_slc|HexDriver:hex_driver2        ; HexDriver     ; work         ;
;       |HexDriver:hex_driver3|   ; 16 (16)             ; 0 (0)                     ; 0           ; 0            ; 0       ; 0         ; 0    ; 0            ; |lab6_toplevel|slc3:my_slc|HexDriver:hex_driver3        ; HexDriver     ; work         ;
;       |ISDU:state_controller|   ; 36 (36)             ; 24 (24)                   ; 0           ; 0            ; 0       ; 0         ; 0    ; 0            ; |lab6_toplevel|slc3:my_slc|ISDU:state_controller        ; ISDU          ; work         ;
;       |Mem2IO:memory_subsystem| ; 5 (5)               ; 0 (0)                     ; 0           ; 0            ; 0       ; 0         ; 0    ; 0            ; |lab6_toplevel|slc3:my_slc|Mem2IO:memory_subsystem      ; Mem2IO        ; work         ;
;       |datapath:d0|             ; 475 (23)            ; 208 (12)                  ; 0           ; 0            ; 0       ; 0         ; 0    ; 0            ; |lab6_toplevel|slc3:my_slc|datapath:d0                  ; datapath      ; work         ;
;          |ADDR1_MUX:ADDR1|      ; 19 (19)             ; 0 (0)                     ; 0           ; 0            ; 0       ; 0         ; 0    ; 0            ; |lab6_toplevel|slc3:my_slc|datapath:d0|ADDR1_MUX:ADDR1  ; ADDR1_MUX     ; work         ;
;          |ADDR2_MUX:ADDR2|      ; 14 (14)             ; 0 (0)                     ; 0           ; 0            ; 0       ; 0         ; 0    ; 0            ; |lab6_toplevel|slc3:my_slc|datapath:d0|ADDR2_MUX:ADDR2  ; ADDR2_MUX     ; work         ;
;          |ALU:ADD_ALU|          ; 16 (16)             ; 0 (0)                     ; 0           ; 0            ; 0       ; 0         ; 0    ; 0            ; |lab6_toplevel|slc3:my_slc|datapath:d0|ALU:ADD_ALU      ; ALU           ; work         ;
;          |ALU:ALU_|             ; 16 (16)             ; 0 (0)                     ; 0           ; 0            ; 0       ; 0         ; 0    ; 0            ; |lab6_toplevel|slc3:my_slc|datapath:d0|ALU:ALU_         ; ALU           ; work         ;
;          |BEN_Reg:BEN_REG|      ; 3 (3)               ; 1 (1)                     ; 0           ; 0            ; 0       ; 0         ; 0    ; 0            ; |lab6_toplevel|slc3:my_slc|datapath:d0|BEN_Reg:BEN_REG  ; BEN_Reg       ; work         ;
;          |GATE_MUX:gates|       ; 119 (119)           ; 0 (0)                     ; 0           ; 0            ; 0       ; 0         ; 0    ; 0            ; |lab6_toplevel|slc3:my_slc|datapath:d0|GATE_MUX:gates   ; GATE_MUX      ; work         ;
;          |NZP_Block:NZP|        ; 0 (0)               ; 3 (3)                     ; 0           ; 0            ; 0       ; 0         ; 0    ; 0            ; |lab6_toplevel|slc3:my_slc|datapath:d0|NZP_Block:NZP    ; NZP_Block     ; work         ;
;          |REG_FILE:REGFILE|     ; 94 (94)             ; 128 (128)                 ; 0           ; 0            ; 0       ; 0         ; 0    ; 0            ; |lab6_toplevel|slc3:my_slc|datapath:d0|REG_FILE:REGFILE ; REG_FILE      ; work         ;
;          |SR1_MUX:SR1MUX_|      ; 3 (3)               ; 0 (0)                     ; 0           ; 0            ; 0       ; 0         ; 0    ; 0            ; |lab6_toplevel|slc3:my_slc|datapath:d0|SR1_MUX:SR1MUX_  ; SR1_MUX       ; work         ;
;          |SR2_MUX:SR2MUX_|      ; 96 (96)             ; 0 (0)                     ; 0           ; 0            ; 0       ; 0         ; 0    ; 0            ; |lab6_toplevel|slc3:my_slc|datapath:d0|SR2_MUX:SR2MUX_  ; SR2_MUX       ; work         ;
;          |reg_16:IR_REG|        ; 17 (17)             ; 16 (16)                   ; 0           ; 0            ; 0       ; 0         ; 0    ; 0            ; |lab6_toplevel|slc3:my_slc|datapath:d0|reg_16:IR_REG    ; reg_16        ; work         ;
;          |reg_16:MAR_REG|       ; 2 (2)               ; 16 (16)                   ; 0           ; 0            ; 0       ; 0         ; 0    ; 0            ; |lab6_toplevel|slc3:my_slc|datapath:d0|reg_16:MAR_REG   ; reg_16        ; work         ;
;          |reg_16:MDR_REG|       ; 35 (35)             ; 16 (16)                   ; 0           ; 0            ; 0       ; 0         ; 0    ; 0            ; |lab6_toplevel|slc3:my_slc|datapath:d0|reg_16:MDR_REG   ; reg_16        ; work         ;
;          |reg_16:PC_REG|        ; 18 (18)             ; 16 (16)                   ; 0           ; 0            ; 0       ; 0         ; 0    ; 0            ; |lab6_toplevel|slc3:my_slc|datapath:d0|reg_16:PC_REG    ; reg_16        ; work         ;
;       |tristate:tr0|            ; 0 (0)               ; 32 (32)                   ; 0           ; 0            ; 0       ; 0         ; 0    ; 0            ; |lab6_toplevel|slc3:my_slc|tristate:tr0                 ; tristate      ; work         ;
+---------------------------------+---------------------+---------------------------+-------------+--------------+---------+-----------+------+--------------+---------------------------------------------------------+---------------+--------------+
Note: For table entries with two numbers listed, the numbers in parentheses indicate the number of resources of the given type used by the specific entity alone. The numbers listed outside of parentheses indicate the total resources of the given type used by the specific entity and all of its sub-entities in the hierarchy.


Encoding Type:  One-Hot
+-------------------------------------------------------------------------------------------------------------------------------------------------------------------------------------------------------------------------------------------------------------------------------------------------------------------------------------------------------------------------------------------+
; State Machine - |lab6_toplevel|slc3:my_slc|ISDU:state_controller|State                                                                                                                                                                                                                                                                                                                    ;
+----------------+------------+------------+------------+------------+------------+--------------+--------------+------------+------------+------------+--------------+--------------+------------+------------+------------+------------+------------+------------+--------------+--------------+------------+--------------+----------------+-------------+----------------+--------------+
; Name           ; State.S_21 ; State.S_04 ; State.S_12 ; State.S_22 ; State.S_00 ; State.S_16_2 ; State.S_16_1 ; State.S_23 ; State.S_07 ; State.S_27 ; State.S_25_2 ; State.S_25_1 ; State.S_06 ; State.S_09 ; State.S_05 ; State.S_01 ; State.S_32 ; State.S_35 ; State.S_33_2 ; State.S_33_1 ; State.S_18 ; State.Pause2 ; State.PauseIR2 ; State.Pause ; State.PauseIR1 ; State.Halted ;
+----------------+------------+------------+------------+------------+------------+--------------+--------------+------------+------------+------------+--------------+--------------+------------+------------+------------+------------+------------+------------+--------------+--------------+------------+--------------+----------------+-------------+----------------+--------------+
; State.Halted   ; 0          ; 0          ; 0          ; 0          ; 0          ; 0            ; 0            ; 0          ; 0          ; 0          ; 0            ; 0            ; 0          ; 0          ; 0          ; 0          ; 0          ; 0          ; 0            ; 0            ; 0          ; 0            ; 0              ; 0           ; 0              ; 0            ;
; State.PauseIR1 ; 0          ; 0          ; 0          ; 0          ; 0          ; 0            ; 0            ; 0          ; 0          ; 0          ; 0            ; 0            ; 0          ; 0          ; 0          ; 0          ; 0          ; 0          ; 0            ; 0            ; 0          ; 0            ; 0              ; 0           ; 1              ; 1            ;
; State.Pause    ; 0          ; 0          ; 0          ; 0          ; 0          ; 0            ; 0            ; 0          ; 0          ; 0          ; 0            ; 0            ; 0          ; 0          ; 0          ; 0          ; 0          ; 0          ; 0            ; 0            ; 0          ; 0            ; 0              ; 1           ; 0              ; 1            ;
; State.PauseIR2 ; 0          ; 0          ; 0          ; 0          ; 0          ; 0            ; 0            ; 0          ; 0          ; 0          ; 0            ; 0            ; 0          ; 0          ; 0          ; 0          ; 0          ; 0          ; 0            ; 0            ; 0          ; 0            ; 1              ; 0           ; 0              ; 1            ;
; State.Pause2   ; 0          ; 0          ; 0          ; 0          ; 0          ; 0            ; 0            ; 0          ; 0          ; 0          ; 0            ; 0            ; 0          ; 0          ; 0          ; 0          ; 0          ; 0          ; 0            ; 0            ; 0          ; 1            ; 0              ; 0           ; 0              ; 1            ;
; State.S_18     ; 0          ; 0          ; 0          ; 0          ; 0          ; 0            ; 0            ; 0          ; 0          ; 0          ; 0            ; 0            ; 0          ; 0          ; 0          ; 0          ; 0          ; 0          ; 0            ; 0            ; 1          ; 0            ; 0              ; 0           ; 0              ; 1            ;
; State.S_33_1   ; 0          ; 0          ; 0          ; 0          ; 0          ; 0            ; 0            ; 0          ; 0          ; 0          ; 0            ; 0            ; 0          ; 0          ; 0          ; 0          ; 0          ; 0          ; 0            ; 1            ; 0          ; 0            ; 0              ; 0           ; 0              ; 1            ;
; State.S_33_2   ; 0          ; 0          ; 0          ; 0          ; 0          ; 0            ; 0            ; 0          ; 0          ; 0          ; 0            ; 0            ; 0          ; 0          ; 0          ; 0          ; 0          ; 0          ; 1            ; 0            ; 0          ; 0            ; 0              ; 0           ; 0              ; 1            ;
; State.S_35     ; 0          ; 0          ; 0          ; 0          ; 0          ; 0            ; 0            ; 0          ; 0          ; 0          ; 0            ; 0            ; 0          ; 0          ; 0          ; 0          ; 0          ; 1          ; 0            ; 0            ; 0          ; 0            ; 0              ; 0           ; 0              ; 1            ;
; State.S_32     ; 0          ; 0          ; 0          ; 0          ; 0          ; 0            ; 0            ; 0          ; 0          ; 0          ; 0            ; 0            ; 0          ; 0          ; 0          ; 0          ; 1          ; 0          ; 0            ; 0            ; 0          ; 0            ; 0              ; 0           ; 0              ; 1            ;
; State.S_01     ; 0          ; 0          ; 0          ; 0          ; 0          ; 0            ; 0            ; 0          ; 0          ; 0          ; 0            ; 0            ; 0          ; 0          ; 0          ; 1          ; 0          ; 0          ; 0            ; 0            ; 0          ; 0            ; 0              ; 0           ; 0              ; 1            ;
; State.S_05     ; 0          ; 0          ; 0          ; 0          ; 0          ; 0            ; 0            ; 0          ; 0          ; 0          ; 0            ; 0            ; 0          ; 0          ; 1          ; 0          ; 0          ; 0          ; 0            ; 0            ; 0          ; 0            ; 0              ; 0           ; 0              ; 1            ;
; State.S_09     ; 0          ; 0          ; 0          ; 0          ; 0          ; 0            ; 0            ; 0          ; 0          ; 0          ; 0            ; 0            ; 0          ; 1          ; 0          ; 0          ; 0          ; 0          ; 0            ; 0            ; 0          ; 0            ; 0              ; 0           ; 0              ; 1            ;
; State.S_06     ; 0          ; 0          ; 0          ; 0          ; 0          ; 0            ; 0            ; 0          ; 0          ; 0          ; 0            ; 0            ; 1          ; 0          ; 0          ; 0          ; 0          ; 0          ; 0            ; 0            ; 0          ; 0            ; 0              ; 0           ; 0              ; 1            ;
; State.S_25_1   ; 0          ; 0          ; 0          ; 0          ; 0          ; 0            ; 0            ; 0          ; 0          ; 0          ; 0            ; 1            ; 0          ; 0          ; 0          ; 0          ; 0          ; 0          ; 0            ; 0            ; 0          ; 0            ; 0              ; 0           ; 0              ; 1            ;
; State.S_25_2   ; 0          ; 0          ; 0          ; 0          ; 0          ; 0            ; 0            ; 0          ; 0          ; 0          ; 1            ; 0            ; 0          ; 0          ; 0          ; 0          ; 0          ; 0          ; 0            ; 0            ; 0          ; 0            ; 0              ; 0           ; 0              ; 1            ;
; State.S_27     ; 0          ; 0          ; 0          ; 0          ; 0          ; 0            ; 0            ; 0          ; 0          ; 1          ; 0            ; 0            ; 0          ; 0          ; 0          ; 0          ; 0          ; 0          ; 0            ; 0            ; 0          ; 0            ; 0              ; 0           ; 0              ; 1            ;
; State.S_07     ; 0          ; 0          ; 0          ; 0          ; 0          ; 0            ; 0            ; 0          ; 1          ; 0          ; 0            ; 0            ; 0          ; 0          ; 0          ; 0          ; 0          ; 0          ; 0            ; 0            ; 0          ; 0            ; 0              ; 0           ; 0              ; 1            ;
; State.S_23     ; 0          ; 0          ; 0          ; 0          ; 0          ; 0            ; 0            ; 1          ; 0          ; 0          ; 0            ; 0            ; 0          ; 0          ; 0          ; 0          ; 0          ; 0          ; 0            ; 0            ; 0          ; 0            ; 0              ; 0           ; 0              ; 1            ;
; State.S_16_1   ; 0          ; 0          ; 0          ; 0          ; 0          ; 0            ; 1            ; 0          ; 0          ; 0          ; 0            ; 0            ; 0          ; 0          ; 0          ; 0          ; 0          ; 0          ; 0            ; 0            ; 0          ; 0            ; 0              ; 0           ; 0              ; 1            ;
; State.S_16_2   ; 0          ; 0          ; 0          ; 0          ; 0          ; 1            ; 0            ; 0          ; 0          ; 0          ; 0            ; 0            ; 0          ; 0          ; 0          ; 0          ; 0          ; 0          ; 0            ; 0            ; 0          ; 0            ; 0              ; 0           ; 0              ; 1            ;
; State.S_00     ; 0          ; 0          ; 0          ; 0          ; 1          ; 0            ; 0            ; 0          ; 0          ; 0          ; 0            ; 0            ; 0          ; 0          ; 0          ; 0          ; 0          ; 0          ; 0            ; 0            ; 0          ; 0            ; 0              ; 0           ; 0              ; 1            ;
; State.S_22     ; 0          ; 0          ; 0          ; 1          ; 0          ; 0            ; 0            ; 0          ; 0          ; 0          ; 0            ; 0            ; 0          ; 0          ; 0          ; 0          ; 0          ; 0          ; 0            ; 0            ; 0          ; 0            ; 0              ; 0           ; 0              ; 1            ;
; State.S_12     ; 0          ; 0          ; 1          ; 0          ; 0          ; 0            ; 0            ; 0          ; 0          ; 0          ; 0            ; 0            ; 0          ; 0          ; 0          ; 0          ; 0          ; 0          ; 0            ; 0            ; 0          ; 0            ; 0              ; 0           ; 0              ; 1            ;
; State.S_04     ; 0          ; 1          ; 0          ; 0          ; 0          ; 0            ; 0            ; 0          ; 0          ; 0          ; 0            ; 0            ; 0          ; 0          ; 0          ; 0          ; 0          ; 0          ; 0            ; 0            ; 0          ; 0            ; 0              ; 0           ; 0              ; 1            ;
; State.S_21     ; 1          ; 0          ; 0          ; 0          ; 0          ; 0            ; 0            ; 0          ; 0          ; 0          ; 0            ; 0            ; 0          ; 0          ; 0          ; 0          ; 0          ; 0          ; 0            ; 0            ; 0          ; 0            ; 0              ; 0           ; 0              ; 1            ;
+----------------+------------+------------+------------+------------+------------+--------------+--------------+------------+------------+------------+--------------+--------------+------------+------------+------------+------------+------------+------------+--------------+--------------+------------+--------------+----------------+-------------+----------------+--------------+


+-------------------------------------------------------------------------------------------+
; Registers Removed During Synthesis                                                        ;
+--------------------------------------------------+----------------------------------------+
; Register name                                    ; Reason for Removal                     ;
+--------------------------------------------------+----------------------------------------+
; slc3:my_slc|ISDU:state_controller|State~2        ; Lost fanout                            ;
; slc3:my_slc|ISDU:state_controller|State~3        ; Lost fanout                            ;
; slc3:my_slc|ISDU:state_controller|State~4        ; Lost fanout                            ;
; slc3:my_slc|ISDU:state_controller|State~5        ; Lost fanout                            ;
; slc3:my_slc|ISDU:state_controller|State~6        ; Lost fanout                            ;
; slc3:my_slc|ISDU:state_controller|State.PauseIR1 ; Stuck at GND due to stuck port data_in ;
; slc3:my_slc|ISDU:state_controller|State.PauseIR2 ; Stuck at GND due to stuck port data_in ;
; Total Number of Removed Registers = 7            ;                                        ;
+--------------------------------------------------+----------------------------------------+


+---------------------------------------------------------------------------------------------------------------------------------+
; Removed Registers Triggering Further Register Optimizations                                                                     ;
+--------------------------------------------------+---------------------------+--------------------------------------------------+
; Register name                                    ; Reason for Removal        ; Registers Removed due to This Register           ;
+--------------------------------------------------+---------------------------+--------------------------------------------------+
; slc3:my_slc|ISDU:state_controller|State.PauseIR1 ; Stuck at GND              ; slc3:my_slc|ISDU:state_controller|State.PauseIR2 ;
;                                                  ; due to stuck port data_in ;                                                  ;
+--------------------------------------------------+---------------------------+--------------------------------------------------+


+------------------------------------------------------+
; General Register Statistics                          ;
+----------------------------------------------+-------+
; Statistic                                    ; Value ;
+----------------------------------------------+-------+
; Total registers                              ; 264   ;
; Number of registers using Synchronous Clear  ; 18    ;
; Number of registers using Synchronous Load   ; 16    ;
; Number of registers using Asynchronous Clear ; 0     ;
; Number of registers using Asynchronous Load  ; 0     ;
; Number of registers using Clock Enable       ; 195   ;
; Number of registers using Preset             ; 0     ;
+----------------------------------------------+-------+


+----------------------------------------------------------------------------------------------------------------------------------------------------------------------------------+
; Multiplexer Restructuring Statistics (Restructuring Performed)                                                                                                                   ;
+--------------------+-----------+---------------+----------------------+------------------------+------------+--------------------------------------------------------------------+
; Multiplexer Inputs ; Bus Width ; Baseline Area ; Area if Restructured ; Saving if Restructured ; Registered ; Example Multiplexer Output                                         ;
+--------------------+-----------+---------------+----------------------+------------------------+------------+--------------------------------------------------------------------+
; 3:1                ; 16 bits   ; 32 LEs        ; 16 LEs               ; 16 LEs                 ; Yes        ; |lab6_toplevel|slc3:my_slc|datapath:d0|reg_16:IR_REG|OUT[5]        ;
; 3:1                ; 16 bits   ; 32 LEs        ; 16 LEs               ; 16 LEs                 ; Yes        ; |lab6_toplevel|slc3:my_slc|datapath:d0|reg_16:MAR_REG|OUT[15]      ;
; 3:1                ; 16 bits   ; 32 LEs        ; 16 LEs               ; 16 LEs                 ; Yes        ; |lab6_toplevel|slc3:my_slc|datapath:d0|REG_FILE:REGFILE|OUT[0][0]  ;
; 3:1                ; 16 bits   ; 32 LEs        ; 16 LEs               ; 16 LEs                 ; Yes        ; |lab6_toplevel|slc3:my_slc|datapath:d0|REG_FILE:REGFILE|OUT[1][12] ;
; 3:1                ; 16 bits   ; 32 LEs        ; 16 LEs               ; 16 LEs                 ; Yes        ; |lab6_toplevel|slc3:my_slc|datapath:d0|REG_FILE:REGFILE|OUT[2][8]  ;
; 3:1                ; 16 bits   ; 32 LEs        ; 16 LEs               ; 16 LEs                 ; Yes        ; |lab6_toplevel|slc3:my_slc|datapath:d0|REG_FILE:REGFILE|OUT[3][14] ;
; 3:1                ; 16 bits   ; 32 LEs        ; 16 LEs               ; 16 LEs                 ; Yes        ; |lab6_toplevel|slc3:my_slc|datapath:d0|REG_FILE:REGFILE|OUT[4][11] ;
; 3:1                ; 16 bits   ; 32 LEs        ; 16 LEs               ; 16 LEs                 ; Yes        ; |lab6_toplevel|slc3:my_slc|datapath:d0|REG_FILE:REGFILE|OUT[5][12] ;
; 3:1                ; 16 bits   ; 32 LEs        ; 16 LEs               ; 16 LEs                 ; Yes        ; |lab6_toplevel|slc3:my_slc|datapath:d0|REG_FILE:REGFILE|OUT[6][10] ;
; 3:1                ; 16 bits   ; 32 LEs        ; 16 LEs               ; 16 LEs                 ; Yes        ; |lab6_toplevel|slc3:my_slc|datapath:d0|REG_FILE:REGFILE|OUT[7][15] ;
; 4:1                ; 16 bits   ; 32 LEs        ; 32 LEs               ; 0 LEs                  ; Yes        ; |lab6_toplevel|slc3:my_slc|datapath:d0|reg_16:PC_REG|OUT[2]        ;
; 6:1                ; 16 bits   ; 64 LEs        ; 32 LEs               ; 32 LEs                 ; Yes        ; |lab6_toplevel|slc3:my_slc|datapath:d0|reg_16:MDR_REG|OUT[1]       ;
; 3:1                ; 2 bits    ; 4 LEs         ; 4 LEs                ; 0 LEs                  ; No         ; |lab6_toplevel|slc3:my_slc|datapath:d0|ADDR2_MUX:ADDR2|Mux6        ;
; 8:1                ; 16 bits   ; 80 LEs        ; 80 LEs               ; 0 LEs                  ; No         ; |lab6_toplevel|slc3:my_slc|datapath:d0|REG_FILE:REGFILE|Mux8       ;
; 9:1                ; 16 bits   ; 96 LEs        ; 96 LEs               ; 0 LEs                  ; No         ; |lab6_toplevel|slc3:my_slc|datapath:d0|SR2_MUX:SR2MUX_|OUT[14]     ;
; 19:1               ; 16 bits   ; 192 LEs       ; 96 LEs               ; 96 LEs                 ; No         ; |lab6_toplevel|slc3:my_slc|datapath:d0|GATE_MUX:gates|Mux4         ;
+--------------------+-----------+---------------+----------------------+------------------------+------------+--------------------------------------------------------------------+


+-----------------------------------------------------------------------+
; Parameter Settings for User Entity Instance: slc3:my_slc|tristate:tr0 ;
+----------------+-------+----------------------------------------------+
; Parameter Name ; Value ; Type                                         ;
+----------------+-------+----------------------------------------------+
; N              ; 16    ; Signed Integer                               ;
+----------------+-------+----------------------------------------------+
Note: In order to hide this table in the UI and the text report file, please set the "Show Parameter Settings in Synthesis Report" option in "Analysis and Synthesis Settings -> More Settings" to "Off".


+-------------------------------------------------------------------------+
; Parameter Settings for User Entity Instance: test_memory:my_test_memory ;
+----------------+-------+------------------------------------------------+
; Parameter Name ; Value ; Type                                           ;
+----------------+-------+------------------------------------------------+
; size           ; 256   ; Signed Integer                                 ;
; init_external  ; 0     ; Signed Integer                                 ;
+----------------+-------+------------------------------------------------+
Note: In order to hide this table in the UI and the text report file, please set the "Show Parameter Settings in Synthesis Report" option in "Analysis and Synthesis Settings -> More Settings" to "Off".


+----------------------------------------------------------------------------------------------+
; Parameter Settings for User Entity Instance: test_memory:my_test_memory|memory_parser:parser ;
+----------------+-------+---------------------------------------------------------------------+
; Parameter Name ; Value ; Type                                                                ;
+----------------+-------+---------------------------------------------------------------------+
; size           ; 256   ; Signed Integer                                                      ;
+----------------+-------+---------------------------------------------------------------------+
Note: In order to hide this table in the UI and the text report file, please set the "Show Parameter Settings in Synthesis Report" option in "Analysis and Synthesis Settings -> More Settings" to "Off".


+------------------------------------------------------------------------------------------------------------------------+
; Port Connectivity Checks: "slc3:my_slc|Mem2IO:memory_subsystem"                                                        ;
+--------------+--------+----------+-------------------------------------------------------------------------------------+
; Port         ; Type   ; Severity ; Details                                                                             ;
+--------------+--------+----------+-------------------------------------------------------------------------------------+
; ADDR[19..16] ; Input  ; Info     ; Stuck at GND                                                                        ;
; HEX0         ; Output ; Info     ; Connected to dangling logic. Logic that only feeds a dangling port will be removed. ;
; HEX1         ; Output ; Info     ; Connected to dangling logic. Logic that only feeds a dangling port will be removed. ;
; HEX2         ; Output ; Info     ; Connected to dangling logic. Logic that only feeds a dangling port will be removed. ;
; HEX3         ; Output ; Info     ; Connected to dangling logic. Logic that only feeds a dangling port will be removed. ;
+--------------+--------+----------+-------------------------------------------------------------------------------------+


+---------------------------------------------------------------------------------------------------------------------------------------------------------------------------------------------------------------+
; Port Connectivity Checks: "slc3:my_slc|datapath:d0|PC_MUX:PCMUX_"                                                                                                                                             ;
+------+-------+----------+-------------------------------------------------------------------------------------------------------------------------------------------------------------------------------------+
; Port ; Type  ; Severity ; Details                                                                                                                                                                             ;
+------+-------+----------+-------------------------------------------------------------------------------------------------------------------------------------------------------------------------------------+
; IN0  ; Input ; Warning  ; Input port expression (32 bits) is wider than the input port (16 bits) it drives.  The 16 most-significant bit(s) in the expression will be dangling if they have no other fanouts. ;
+------+-------+----------+-------------------------------------------------------------------------------------------------------------------------------------------------------------------------------------+


+-----------------------------------------------------------------+
; Port Connectivity Checks: "slc3:my_slc|datapath:d0|ALU:ADD_ALU" ;
+--------+-------+----------+-------------------------------------+
; Port   ; Type  ; Severity ; Details                             ;
+--------+-------+----------+-------------------------------------+
; Select ; Input ; Info     ; Stuck at GND                        ;
+--------+-------+----------+-------------------------------------+


+----------------------------------------------------------------------------------------------------------------------------------------------------+
; Port Connectivity Checks: "slc3:my_slc|HexDriver:hex_driver4"                                                                                      ;
+------+--------+----------+-------------------------------------------------------------------------------------------------------------------------+
; Port ; Type   ; Severity ; Details                                                                                                                 ;
+------+--------+----------+-------------------------------------------------------------------------------------------------------------------------+
; Out0 ; Output ; Warning  ; Output or bidir port (7 bits) is wider than the port expression (1 bits) it drives; bit(s) "Out0[6..1]" have no fanouts ;
; Out0 ; Output ; Info     ; Connected to dangling logic. Logic that only feeds a dangling port will be removed.                                     ;
+------+--------+----------+-------------------------------------------------------------------------------------------------------------------------+


+----------------------------------------------------------------------------------------------------------------------------------------------------+
; Port Connectivity Checks: "slc3:my_slc|HexDriver:hex_driver5"                                                                                      ;
+------+--------+----------+-------------------------------------------------------------------------------------------------------------------------+
; Port ; Type   ; Severity ; Details                                                                                                                 ;
+------+--------+----------+-------------------------------------------------------------------------------------------------------------------------+
; Out0 ; Output ; Warning  ; Output or bidir port (7 bits) is wider than the port expression (1 bits) it drives; bit(s) "Out0[6..1]" have no fanouts ;
; Out0 ; Output ; Info     ; Connected to dangling logic. Logic that only feeds a dangling port will be removed.                                     ;
+------+--------+----------+-------------------------------------------------------------------------------------------------------------------------+


+----------------------------------------------------------------------------------------------------------------------------------------------------+
; Port Connectivity Checks: "slc3:my_slc|HexDriver:hex_driver6"                                                                                      ;
+------+--------+----------+-------------------------------------------------------------------------------------------------------------------------+
; Port ; Type   ; Severity ; Details                                                                                                                 ;
+------+--------+----------+-------------------------------------------------------------------------------------------------------------------------+
; Out0 ; Output ; Warning  ; Output or bidir port (7 bits) is wider than the port expression (1 bits) it drives; bit(s) "Out0[6..1]" have no fanouts ;
; Out0 ; Output ; Info     ; Connected to dangling logic. Logic that only feeds a dangling port will be removed.                                     ;
+------+--------+----------+-------------------------------------------------------------------------------------------------------------------------+


+----------------------------------------------------------------------------------------------------------------------------------------------------+
; Port Connectivity Checks: "slc3:my_slc|HexDriver:hex_driver7"                                                                                      ;
+------+--------+----------+-------------------------------------------------------------------------------------------------------------------------+
; Port ; Type   ; Severity ; Details                                                                                                                 ;
+------+--------+----------+-------------------------------------------------------------------------------------------------------------------------+
; Out0 ; Output ; Warning  ; Output or bidir port (7 bits) is wider than the port expression (1 bits) it drives; bit(s) "Out0[6..1]" have no fanouts ;
; Out0 ; Output ; Info     ; Connected to dangling logic. Logic that only feeds a dangling port will be removed.                                     ;
+------+--------+----------+-------------------------------------------------------------------------------------------------------------------------+


+-----------------------------------------------------+
; Post-Synthesis Netlist Statistics for Top Partition ;
+-----------------------+-----------------------------+
; Type                  ; Count                       ;
+-----------------------+-----------------------------+
; boundary_port         ; 129                         ;
; cycloneiii_ff         ; 264                         ;
;     ENA               ; 179                         ;
;     ENA SCLR SLD      ; 16                          ;
;     SCLR              ; 2                           ;
;     plain             ; 67                          ;
; cycloneiii_io_obuf    ; 16                          ;
; cycloneiii_lcell_comb ; 560                         ;
;     arith             ; 45                          ;
;         2 data inputs ; 15                          ;
;         3 data inputs ; 30                          ;
;     normal            ; 515                         ;
;         0 data inputs ; 1                           ;
;         1 data inputs ; 7                           ;
;         2 data inputs ; 49                          ;
;         3 data inputs ; 69                          ;
;         4 data inputs ; 389                         ;
;                       ;                             ;
; Max LUT depth         ; 14.30                       ;
; Average LUT depth     ; 7.84                        ;
+-----------------------+-----------------------------+


+-------------------------------+
; Elapsed Time Per Partition    ;
+----------------+--------------+
; Partition Name ; Elapsed Time ;
+----------------+--------------+
; Top            ; 00:00:02     ;
+----------------+--------------+


+-------------------------------+
; Analysis & Synthesis Messages ;
+-------------------------------+
Info: *******************************************************************
Info: Running Quartus Prime Analysis & Synthesis
    Info: Version 18.0.0 Build 614 04/24/2018 SJ Lite Edition
    Info: Processing started: Tue Oct 16 23:17:04 2018
Info: Command: quartus_map --read_settings_files=on --write_settings_files=off lab6_toplevel -c lab6_toplevel
Warning (18236): Number of processors has not been specified which may cause overloading on shared machines.  Set the global assignment NUM_PARALLEL_PROCESSORS in your QSF to an appropriate value for best performance.
Info (20030): Parallel compilation is enabled and will use 2 of the 2 processors detected
Info (12021): Found 1 design units, including 1 entities, in source file tristate.sv
    Info (12023): Found entity 1: tristate File: C:/ece385/lab6g/tristate.sv Line: 16
Info (12021): Found 1 design units, including 1 entities, in source file test_memory.sv
    Info (12023): Found entity 1: test_memory File: C:/ece385/lab6g/test_memory.sv Line: 22
Info (12021): Found 1 design units, including 0 entities, in source file slc3_2.sv
    Info (12022): Found design unit 1: SLC3_2 (SystemVerilog) File: C:/ece385/lab6g/SLC3_2.sv Line: 24
Info (12021): Found 1 design units, including 1 entities, in source file slc3.sv
    Info (12023): Found entity 1: slc3 File: C:/ece385/lab6g/slc3.sv Line: 19
Info (12021): Found 1 design units, including 1 entities, in source file memory_contents.sv
    Info (12023): Found entity 1: memory_parser File: C:/ece385/lab6g/memory_contents.sv Line: 16
Info (12021): Found 1 design units, including 1 entities, in source file mem2io.sv
    Info (12023): Found entity 1: Mem2IO File: C:/ece385/lab6g/Mem2IO.sv Line: 16
Info (12021): Found 1 design units, including 1 entities, in source file lab6_toplevel.sv
    Info (12023): Found entity 1: lab6_toplevel File: C:/ece385/lab6g/lab6_toplevel.sv Line: 10
Info (12021): Found 1 design units, including 1 entities, in source file isdu.sv
    Info (12023): Found entity 1: ISDU File: C:/ece385/lab6g/ISDU.sv Line: 19
Info (12021): Found 1 design units, including 1 entities, in source file alu.sv
    Info (12023): Found entity 1: ALU File: C:/ece385/lab6g/ALU.sv Line: 1
Info (12021): Found 1 design units, including 1 entities, in source file ben_reg.sv
    Info (12023): Found entity 1: BEN_Reg File: C:/ece385/lab6g/BEN_REG.sv Line: 1
Info (12021): Found 1 design units, including 1 entities, in source file datapath.sv
    Info (12023): Found entity 1: datapath File: C:/ece385/lab6g/datapath.sv Line: 1
Info (12021): Found 1 design units, including 1 entities, in source file hexdriver.sv
    Info (12023): Found entity 1: HexDriver File: C:/ece385/lab6g/HexDriver.sv Line: 1
Info (12021): Found 8 design units, including 8 entities, in source file mux.sv
    Info (12023): Found entity 1: PC_MUX File: C:/ece385/lab6g/MUX.sv Line: 2
    Info (12023): Found entity 2: DR_MUX File: C:/ece385/lab6g/MUX.sv Line: 25
    Info (12023): Found entity 3: SR1_MUX File: C:/ece385/lab6g/MUX.sv Line: 43
    Info (12023): Found entity 4: SR2_MUX File: C:/ece385/lab6g/MUX.sv Line: 61
    Info (12023): Found entity 5: ADDR1_MUX File: C:/ece385/lab6g/MUX.sv Line: 79
    Info (12023): Found entity 6: ADDR2_MUX File: C:/ece385/lab6g/MUX.sv Line: 97
    Info (12023): Found entity 7: GATE_MUX File: C:/ece385/lab6g/MUX.sv Line: 119
    Info (12023): Found entity 8: MDR_MUX File: C:/ece385/lab6g/MUX.sv Line: 143
Info (12021): Found 1 design units, including 1 entities, in source file nzp.sv
    Info (12023): Found entity 1: NZP_Block File: C:/ece385/lab6g/NZP.sv Line: 1
Info (12021): Found 2 design units, including 2 entities, in source file register.sv
    Info (12023): Found entity 1: reg_16 File: C:/ece385/lab6g/REGISTER.sv Line: 2
    Info (12023): Found entity 2: REG_FILE File: C:/ece385/lab6g/REGISTER.sv Line: 17
Info (12021): Found 4 design units, including 4 entities, in source file sext.sv
    Info (12023): Found entity 1: SEXT_5 File: C:/ece385/lab6g/SEXT.sv Line: 2
    Info (12023): Found entity 2: SEXT_7 File: C:/ece385/lab6g/SEXT.sv Line: 17
    Info (12023): Found entity 3: SEXT_10 File: C:/ece385/lab6g/SEXT.sv Line: 32
    Info (12023): Found entity 4: SEXT_11 File: C:/ece385/lab6g/SEXT.sv Line: 47
Info (12021): Found 1 design units, including 1 entities, in source file slc3_test.sv
    Info (12023): Found entity 1: slc3_test File: C:/ece385/lab6g/slc3_test.sv Line: 1
Info (12021): Found 1 design units, including 1 entities, in source file testbench.sv
    Info (12023): Found entity 1: testbench File: C:/ece385/lab6g/testbench.sv Line: 1
Warning (10236): Verilog HDL Implicit Net warning at slc3.sv(64): created implicit net for "HEX7" File: C:/ece385/lab6g/slc3.sv Line: 64
Warning (10236): Verilog HDL Implicit Net warning at slc3.sv(65): created implicit net for "HEX6" File: C:/ece385/lab6g/slc3.sv Line: 65
Warning (10236): Verilog HDL Implicit Net warning at slc3.sv(66): created implicit net for "HEX5" File: C:/ece385/lab6g/slc3.sv Line: 66
Warning (10236): Verilog HDL Implicit Net warning at slc3.sv(67): created implicit net for "HEX4" File: C:/ece385/lab6g/slc3.sv Line: 67
Info (12127): Elaborating entity "lab6_toplevel" for the top level hierarchy
Warning (10034): Output port "HEX4" at lab6_toplevel.sv(13) has no driver File: C:/ece385/lab6g/lab6_toplevel.sv Line: 13
Warning (10034): Output port "HEX5" at lab6_toplevel.sv(13) has no driver File: C:/ece385/lab6g/lab6_toplevel.sv Line: 13
Warning (10034): Output port "HEX6" at lab6_toplevel.sv(13) has no driver File: C:/ece385/lab6g/lab6_toplevel.sv Line: 13
Warning (10034): Output port "HEX7" at lab6_toplevel.sv(13) has no driver File: C:/ece385/lab6g/lab6_toplevel.sv Line: 13
Info (12128): Elaborating entity "slc3" for hierarchy "slc3:my_slc" File: C:/ece385/lab6g/lab6_toplevel.sv Line: 18
Info (12128): Elaborating entity "HexDriver" for hierarchy "slc3:my_slc|HexDriver:hex_driver3" File: C:/ece385/lab6g/slc3.sv Line: 52
Info (12128): Elaborating entity "datapath" for hierarchy "slc3:my_slc|datapath:d0" File: C:/ece385/lab6g/slc3.sv Line: 77
Info (12128): Elaborating entity "reg_16" for hierarchy "slc3:my_slc|datapath:d0|reg_16:IR_REG" File: C:/ece385/lab6g/datapath.sv Line: 24
Info (12128): Elaborating entity "SEXT_5" for hierarchy "slc3:my_slc|datapath:d0|SEXT_5:S5" File: C:/ece385/lab6g/datapath.sv Line: 27
Info (12128): Elaborating entity "SEXT_7" for hierarchy "slc3:my_slc|datapath:d0|SEXT_7:S7" File: C:/ece385/lab6g/datapath.sv Line: 28
Info (12128): Elaborating entity "SEXT_10" for hierarchy "slc3:my_slc|datapath:d0|SEXT_10:S10" File: C:/ece385/lab6g/datapath.sv Line: 29
Info (12128): Elaborating entity "SEXT_11" for hierarchy "slc3:my_slc|datapath:d0|SEXT_11:S11" File: C:/ece385/lab6g/datapath.sv Line: 30
Info (12128): Elaborating entity "ADDR1_MUX" for hierarchy "slc3:my_slc|datapath:d0|ADDR1_MUX:ADDR1" File: C:/ece385/lab6g/datapath.sv Line: 33
Info (12128): Elaborating entity "ADDR2_MUX" for hierarchy "slc3:my_slc|datapath:d0|ADDR2_MUX:ADDR2" File: C:/ece385/lab6g/datapath.sv Line: 34
Info (12128): Elaborating entity "ALU" for hierarchy "slc3:my_slc|datapath:d0|ALU:ADD_ALU" File: C:/ece385/lab6g/datapath.sv Line: 35
Info (12128): Elaborating entity "PC_MUX" for hierarchy "slc3:my_slc|datapath:d0|PC_MUX:PCMUX_" File: C:/ece385/lab6g/datapath.sv Line: 38
Info (12128): Elaborating entity "DR_MUX" for hierarchy "slc3:my_slc|datapath:d0|DR_MUX:DRMUX_" File: C:/ece385/lab6g/datapath.sv Line: 42
Info (12128): Elaborating entity "SR1_MUX" for hierarchy "slc3:my_slc|datapath:d0|SR1_MUX:SR1MUX_" File: C:/ece385/lab6g/datapath.sv Line: 43
Info (12128): Elaborating entity "REG_FILE" for hierarchy "slc3:my_slc|datapath:d0|REG_FILE:REGFILE" File: C:/ece385/lab6g/datapath.sv Line: 44
Info (12128): Elaborating entity "SR2_MUX" for hierarchy "slc3:my_slc|datapath:d0|SR2_MUX:SR2MUX_" File: C:/ece385/lab6g/datapath.sv Line: 47
Info (12128): Elaborating entity "GATE_MUX" for hierarchy "slc3:my_slc|datapath:d0|GATE_MUX:gates" File: C:/ece385/lab6g/datapath.sv Line: 51
Info (10264): Verilog HDL Case Statement information at MUX.sv(125): all case item expressions in this case statement are onehot File: C:/ece385/lab6g/MUX.sv Line: 125
Info (12128): Elaborating entity "NZP_Block" for hierarchy "slc3:my_slc|datapath:d0|NZP_Block:NZP" File: C:/ece385/lab6g/datapath.sv Line: 54
Info (12128): Elaborating entity "BEN_Reg" for hierarchy "slc3:my_slc|datapath:d0|BEN_Reg:BEN_REG" File: C:/ece385/lab6g/datapath.sv Line: 55
Info (12128): Elaborating entity "MDR_MUX" for hierarchy "slc3:my_slc|datapath:d0|MDR_MUX:MDRMUX" File: C:/ece385/lab6g/datapath.sv Line: 58
Info (12128): Elaborating entity "Mem2IO" for hierarchy "slc3:my_slc|Mem2IO:memory_subsystem" File: C:/ece385/lab6g/slc3.sv Line: 85
Info (12128): Elaborating entity "tristate" for hierarchy "slc3:my_slc|tristate:tr0" File: C:/ece385/lab6g/slc3.sv Line: 90
Info (12128): Elaborating entity "ISDU" for hierarchy "slc3:my_slc|ISDU:state_controller" File: C:/ece385/lab6g/slc3.sv Line: 97
Info (12128): Elaborating entity "test_memory" for hierarchy "test_memory:my_test_memory" File: C:/ece385/lab6g/lab6_toplevel.sv Line: 22
Warning (10036): Verilog HDL or VHDL warning at test_memory.sv(42): object "actual_address" assigned a value but never read File: C:/ece385/lab6g/test_memory.sv Line: 42
Info (12128): Elaborating entity "memory_parser" for hierarchy "test_memory:my_test_memory|memory_parser:parser" File: C:/ece385/lab6g/test_memory.sv Line: 48
Warning (12241): 5 hierarchies have connectivity warnings - see the Connectivity Checks report folder
Warning (13024): Output pins are stuck at VCC or GND
    Warning (13410): Pin "HEX4[0]" is stuck at GND File: C:/ece385/lab6g/lab6_toplevel.sv Line: 13
    Warning (13410): Pin "HEX4[1]" is stuck at GND File: C:/ece385/lab6g/lab6_toplevel.sv Line: 13
    Warning (13410): Pin "HEX4[2]" is stuck at GND File: C:/ece385/lab6g/lab6_toplevel.sv Line: 13
    Warning (13410): Pin "HEX4[3]" is stuck at GND File: C:/ece385/lab6g/lab6_toplevel.sv Line: 13
    Warning (13410): Pin "HEX4[4]" is stuck at GND File: C:/ece385/lab6g/lab6_toplevel.sv Line: 13
    Warning (13410): Pin "HEX4[5]" is stuck at GND File: C:/ece385/lab6g/lab6_toplevel.sv Line: 13
    Warning (13410): Pin "HEX4[6]" is stuck at GND File: C:/ece385/lab6g/lab6_toplevel.sv Line: 13
    Warning (13410): Pin "HEX5[0]" is stuck at GND File: C:/ece385/lab6g/lab6_toplevel.sv Line: 13
    Warning (13410): Pin "HEX5[1]" is stuck at GND File: C:/ece385/lab6g/lab6_toplevel.sv Line: 13
    Warning (13410): Pin "HEX5[2]" is stuck at GND File: C:/ece385/lab6g/lab6_toplevel.sv Line: 13
    Warning (13410): Pin "HEX5[3]" is stuck at GND File: C:/ece385/lab6g/lab6_toplevel.sv Line: 13
    Warning (13410): Pin "HEX5[4]" is stuck at GND File: C:/ece385/lab6g/lab6_toplevel.sv Line: 13
    Warning (13410): Pin "HEX5[5]" is stuck at GND File: C:/ece385/lab6g/lab6_toplevel.sv Line: 13
    Warning (13410): Pin "HEX5[6]" is stuck at GND File: C:/ece385/lab6g/lab6_toplevel.sv Line: 13
    Warning (13410): Pin "HEX6[0]" is stuck at GND File: C:/ece385/lab6g/lab6_toplevel.sv Line: 13
    Warning (13410): Pin "HEX6[1]" is stuck at GND File: C:/ece385/lab6g/lab6_toplevel.sv Line: 13
    Warning (13410): Pin "HEX6[2]" is stuck at GND File: C:/ece385/lab6g/lab6_toplevel.sv Line: 13
    Warning (13410): Pin "HEX6[3]" is stuck at GND File: C:/ece385/lab6g/lab6_toplevel.sv Line: 13
    Warning (13410): Pin "HEX6[4]" is stuck at GND File: C:/ece385/lab6g/lab6_toplevel.sv Line: 13
    Warning (13410): Pin "HEX6[5]" is stuck at GND File: C:/ece385/lab6g/lab6_toplevel.sv Line: 13
    Warning (13410): Pin "HEX6[6]" is stuck at GND File: C:/ece385/lab6g/lab6_toplevel.sv Line: 13
    Warning (13410): Pin "HEX7[0]" is stuck at GND File: C:/ece385/lab6g/lab6_toplevel.sv Line: 13
    Warning (13410): Pin "HEX7[1]" is stuck at GND File: C:/ece385/lab6g/lab6_toplevel.sv Line: 13
    Warning (13410): Pin "HEX7[2]" is stuck at GND File: C:/ece385/lab6g/lab6_toplevel.sv Line: 13
    Warning (13410): Pin "HEX7[3]" is stuck at GND File: C:/ece385/lab6g/lab6_toplevel.sv Line: 13
    Warning (13410): Pin "HEX7[4]" is stuck at GND File: C:/ece385/lab6g/lab6_toplevel.sv Line: 13
    Warning (13410): Pin "HEX7[5]" is stuck at GND File: C:/ece385/lab6g/lab6_toplevel.sv Line: 13
    Warning (13410): Pin "HEX7[6]" is stuck at GND File: C:/ece385/lab6g/lab6_toplevel.sv Line: 13
    Warning (13410): Pin "CE" is stuck at GND File: C:/ece385/lab6g/lab6_toplevel.sv Line: 14
    Warning (13410): Pin "UB" is stuck at GND File: C:/ece385/lab6g/lab6_toplevel.sv Line: 14
    Warning (13410): Pin "LB" is stuck at GND File: C:/ece385/lab6g/lab6_toplevel.sv Line: 14
    Warning (13410): Pin "ADDR[16]" is stuck at GND File: C:/ece385/lab6g/lab6_toplevel.sv Line: 15
    Warning (13410): Pin "ADDR[17]" is stuck at GND File: C:/ece385/lab6g/lab6_toplevel.sv Line: 15
    Warning (13410): Pin "ADDR[18]" is stuck at GND File: C:/ece385/lab6g/lab6_toplevel.sv Line: 15
    Warning (13410): Pin "ADDR[19]" is stuck at GND File: C:/ece385/lab6g/lab6_toplevel.sv Line: 15
Info (286030): Timing-Driven Synthesis is running
Info (17049): 5 registers lost all their fanouts during netlist optimizations.
Info (144001): Generated suppressed messages file C:/ece385/lab6g/output_files/lab6_toplevel.map.smsg
Info (16010): Generating hard_block partition "hard_block:auto_generated_inst"
    Info (16011): Adding 0 node(s), including 0 DDIO, 0 PLL, 0 transceiver and 0 LCELL
Info (21057): Implemented 875 device resources after synthesis - the final resource count might be different
    Info (21058): Implemented 20 input pins
    Info (21059): Implemented 93 output pins
    Info (21060): Implemented 16 bidirectional pins
    Info (21061): Implemented 746 logic cells
Info: Quartus Prime Analysis & Synthesis was successful. 0 errors, 47 warnings
    Info: Peak virtual memory: 4757 megabytes
    Info: Processing ended: Tue Oct 16 23:17:23 2018
    Info: Elapsed time: 00:00:19
    Info: Total CPU time (on all processors): 00:00:39


+------------------------------------------+
; Analysis & Synthesis Suppressed Messages ;
+------------------------------------------+
The suppressed messages can be found in C:/ece385/lab6g/output_files/lab6_toplevel.map.smsg.


